[2025-06-09T08:18:46.367+0000] {manager.py:487} INFO - Processing files using up to 2 processes at a time 
[2025-06-09T08:18:46.367+0000] {manager.py:488} INFO - Process each file at most once every 30 seconds
[2025-06-09T08:18:46.367+0000] {manager.py:490} INFO - Checking for new files in /opt/airflow/dags every 300 seconds
[2025-06-09T08:18:46.368+0000] {manager.py:758} INFO - Searching for files in /opt/airflow/dags
[2025-06-09T08:18:46.378+0000] {manager.py:761} INFO - There are 1 files in /opt/airflow/dags
[2025-06-09T08:18:47.467+0000] {manager.py:889} INFO - 
================================================================================
DAG File Processing Stats

File Path                                 PID  Runtime      # DAGs    # Errors  Last Runtime    Last Run
--------------------------------------  -----  ---------  --------  ----------  --------------  ----------
/opt/airflow/dags/online_retail_etl.py     42  0.04s             0           0
================================================================================
[2025-06-09T08:19:17.662+0000] {manager.py:889} INFO - 
================================================================================
DAG File Processing Stats

File Path                                 PID  Runtime      # DAGs    # Errors  Last Runtime    Last Run
--------------------------------------  -----  ---------  --------  ----------  --------------  -------------------
/opt/airflow/dags/online_retail_etl.py     43  0.01s             0           1  0.05s           2025-06-09T08:18:47
================================================================================
[2025-06-09T08:19:47.903+0000] {manager.py:889} INFO - 
================================================================================
DAG File Processing Stats

File Path                                 PID  Runtime      # DAGs    # Errors  Last Runtime    Last Run
--------------------------------------  -----  ---------  --------  ----------  --------------  -------------------
/opt/airflow/dags/online_retail_etl.py     44  0.01s             0           1  0.08s           2025-06-09T08:19:17
================================================================================
[2025-06-09T08:20:18.195+0000] {manager.py:889} INFO - 
================================================================================
DAG File Processing Stats

File Path                                 PID  Runtime      # DAGs    # Errors  Last Runtime    Last Run
--------------------------------------  -----  ---------  --------  ----------  --------------  -------------------
/opt/airflow/dags/online_retail_etl.py     45  0.01s             0           1  0.06s           2025-06-09T08:19:47
================================================================================
[2025-06-09T08:20:48.610+0000] {manager.py:889} INFO - 
================================================================================
DAG File Processing Stats

File Path                                 PID  Runtime      # DAGs    # Errors  Last Runtime    Last Run
--------------------------------------  -----  ---------  --------  ----------  --------------  -------------------
/opt/airflow/dags/online_retail_etl.py     46  0.01s             0           1  0.08s           2025-06-09T08:20:18
================================================================================
[2025-06-09T08:20:48.775+0000] {manager.py:470} INFO - Exiting gracefully upon receiving signal 15
[2025-06-09T08:20:48.775+0000] {manager.py:470} INFO - Exiting gracefully upon receiving signal 15
[2025-06-09T08:20:49.301+0000] {manager.py:470} INFO - Exiting gracefully upon receiving signal 15
[2025-06-09T08:30:02.137+0000] {manager.py:487} INFO - Processing files using up to 2 processes at a time 
[2025-06-09T08:30:02.138+0000] {manager.py:488} INFO - Process each file at most once every 30 seconds
[2025-06-09T08:30:02.138+0000] {manager.py:490} INFO - Checking for new files in /opt/airflow/dags every 300 seconds
[2025-06-09T08:30:02.138+0000] {manager.py:758} INFO - Searching for files in /opt/airflow/dags
[2025-06-09T08:30:02.140+0000] {manager.py:761} INFO - There are 1 files in /opt/airflow/dags
[2025-06-09T08:30:02.943+0000] {manager.py:889} INFO - 
================================================================================
DAG File Processing Stats

File Path                                 PID  Runtime      # DAGs    # Errors  Last Runtime    Last Run
--------------------------------------  -----  ---------  --------  ----------  --------------  ----------
/opt/airflow/dags/online_retail_etl.py     35  0.02s             0           0
================================================================================
[2025-06-09T08:30:33.213+0000] {manager.py:889} INFO - 
================================================================================
DAG File Processing Stats

File Path                                 PID  Runtime      # DAGs    # Errors  Last Runtime    Last Run
--------------------------------------  -----  ---------  --------  ----------  --------------  -------------------
/opt/airflow/dags/online_retail_etl.py     36  0.01s             0           1  0.03s           2025-06-09T08:30:02
================================================================================
[2025-06-09T08:31:03.528+0000] {manager.py:889} INFO - 
================================================================================
DAG File Processing Stats

File Path                                 PID  Runtime      # DAGs    # Errors  Last Runtime    Last Run
--------------------------------------  -----  ---------  --------  ----------  --------------  -------------------
/opt/airflow/dags/online_retail_etl.py     37  0.01s             0           1  0.07s           2025-06-09T08:30:33
================================================================================
[2025-06-09T08:31:33.864+0000] {manager.py:889} INFO - 
================================================================================
DAG File Processing Stats

File Path                                 PID  Runtime      # DAGs    # Errors  Last Runtime    Last Run
--------------------------------------  -----  ---------  --------  ----------  --------------  -------------------
/opt/airflow/dags/online_retail_etl.py     38  0.01s             0           1  0.09s           2025-06-09T08:31:03
================================================================================
[2025-06-09T08:32:04.186+0000] {manager.py:889} INFO - 
================================================================================
DAG File Processing Stats

File Path                                 PID  Runtime      # DAGs    # Errors  Last Runtime    Last Run
--------------------------------------  -----  ---------  --------  ----------  --------------  -------------------
/opt/airflow/dags/online_retail_etl.py     39  0.01s             0           1  0.06s           2025-06-09T08:31:33
================================================================================
[2025-06-09T08:32:34.481+0000] {manager.py:889} INFO - 
================================================================================
DAG File Processing Stats

File Path                                 PID  Runtime      # DAGs    # Errors  Last Runtime    Last Run
--------------------------------------  -----  ---------  --------  ----------  --------------  -------------------
/opt/airflow/dags/online_retail_etl.py     40  0.00s             0           1  0.07s           2025-06-09T08:32:04
================================================================================
[2025-06-09T08:33:04.765+0000] {manager.py:889} INFO - 
================================================================================
DAG File Processing Stats

File Path                                 PID  Runtime      # DAGs    # Errors  Last Runtime    Last Run
--------------------------------------  -----  ---------  --------  ----------  --------------  -------------------
/opt/airflow/dags/online_retail_etl.py     41  0.01s             0           1  0.06s           2025-06-09T08:32:34
================================================================================
[2025-06-09T08:33:34.947+0000] {manager.py:889} INFO - 
================================================================================
DAG File Processing Stats

File Path                                 PID  Runtime      # DAGs    # Errors  Last Runtime    Last Run
--------------------------------------  -----  ---------  --------  ----------  --------------  -------------------
/opt/airflow/dags/online_retail_etl.py     42  0.00s             0           1  0.11s           2025-06-09T08:33:04
================================================================================
[2025-06-09T08:34:05.173+0000] {manager.py:889} INFO - 
================================================================================
DAG File Processing Stats

File Path                                 PID  Runtime      # DAGs    # Errors  Last Runtime    Last Run
--------------------------------------  -----  ---------  --------  ----------  --------------  -------------------
/opt/airflow/dags/online_retail_etl.py     43  0.00s             0           1  0.04s           2025-06-09T08:33:34
================================================================================
[2025-06-09T08:34:35.475+0000] {manager.py:889} INFO - 
================================================================================
DAG File Processing Stats

File Path                                 PID  Runtime      # DAGs    # Errors  Last Runtime    Last Run
--------------------------------------  -----  ---------  --------  ----------  --------------  -------------------
/opt/airflow/dags/online_retail_etl.py     44  0.01s             0           1  0.06s           2025-06-09T08:34:05
================================================================================
[2025-06-09T08:35:02.721+0000] {manager.py:758} INFO - Searching for files in /opt/airflow/dags
[2025-06-09T08:35:02.730+0000] {manager.py:761} INFO - There are 1 files in /opt/airflow/dags
[2025-06-09T08:35:05.774+0000] {manager.py:889} INFO - 
================================================================================
DAG File Processing Stats

File Path                                 PID  Runtime      # DAGs    # Errors  Last Runtime    Last Run
--------------------------------------  -----  ---------  --------  ----------  --------------  -------------------
/opt/airflow/dags/online_retail_etl.py     45  0.01s             0           1  0.07s           2025-06-09T08:34:35
================================================================================
[2025-06-09T08:35:36.059+0000] {manager.py:889} INFO - 
================================================================================
DAG File Processing Stats

File Path                                 PID  Runtime      # DAGs    # Errors  Last Runtime    Last Run
--------------------------------------  -----  ---------  --------  ----------  --------------  -------------------
/opt/airflow/dags/online_retail_etl.py     46  0.02s             0           1  0.07s           2025-06-09T08:35:05
================================================================================
[2025-06-09T08:36:06.402+0000] {manager.py:889} INFO - 
================================================================================
DAG File Processing Stats

File Path                                 PID  Runtime      # DAGs    # Errors  Last Runtime    Last Run
--------------------------------------  -----  ---------  --------  ----------  --------------  -------------------
/opt/airflow/dags/online_retail_etl.py     47  0.02s             0           1  0.11s           2025-06-09T08:35:36
================================================================================
[2025-06-09T08:36:36.754+0000] {manager.py:889} INFO - 
================================================================================
DAG File Processing Stats

File Path                                 PID  Runtime      # DAGs    # Errors  Last Runtime    Last Run
--------------------------------------  -----  ---------  --------  ----------  --------------  -------------------
/opt/airflow/dags/online_retail_etl.py     48  0.01s             0           1  0.10s           2025-06-09T08:36:06
================================================================================
[2025-06-09T08:37:07.138+0000] {manager.py:889} INFO - 
================================================================================
DAG File Processing Stats

File Path                                 PID  Runtime      # DAGs    # Errors  Last Runtime    Last Run
--------------------------------------  -----  ---------  --------  ----------  --------------  -------------------
/opt/airflow/dags/online_retail_etl.py     49  0.02s             0           1  0.10s           2025-06-09T08:36:36
================================================================================
[2025-06-09T08:37:37.359+0000] {manager.py:889} INFO - 
================================================================================
DAG File Processing Stats

File Path                                 PID  Runtime      # DAGs    # Errors  Last Runtime    Last Run
--------------------------------------  -----  ---------  --------  ----------  --------------  -------------------
/opt/airflow/dags/online_retail_etl.py     50  0.00s             0           1  0.09s           2025-06-09T08:37:07
================================================================================
[2025-06-09T08:38:07.564+0000] {manager.py:889} INFO - 
================================================================================
DAG File Processing Stats

File Path                                 PID  Runtime      # DAGs    # Errors  Last Runtime    Last Run
--------------------------------------  -----  ---------  --------  ----------  --------------  -------------------
/opt/airflow/dags/online_retail_etl.py     51  0.00s             0           1  0.13s           2025-06-09T08:37:37
================================================================================
[2025-06-09T08:38:37.896+0000] {manager.py:889} INFO - 
================================================================================
DAG File Processing Stats

File Path                                 PID  Runtime      # DAGs    # Errors  Last Runtime    Last Run
--------------------------------------  -----  ---------  --------  ----------  --------------  -------------------
/opt/airflow/dags/online_retail_etl.py     52  0.01s             0           1  0.07s           2025-06-09T08:38:07
================================================================================
[2025-06-09T08:39:08.223+0000] {manager.py:889} INFO - 
================================================================================
DAG File Processing Stats

File Path                                 PID  Runtime      # DAGs    # Errors  Last Runtime    Last Run
--------------------------------------  -----  ---------  --------  ----------  --------------  -------------------
/opt/airflow/dags/online_retail_etl.py     53  0.01s             0           1  0.12s           2025-06-09T08:38:38
================================================================================
[2025-06-09T08:39:38.650+0000] {manager.py:889} INFO - 
================================================================================
DAG File Processing Stats

File Path                                 PID  Runtime      # DAGs    # Errors  Last Runtime    Last Run
--------------------------------------  -----  ---------  --------  ----------  --------------  -------------------
/opt/airflow/dags/online_retail_etl.py     54  0.02s             0           1  0.09s           2025-06-09T08:39:08
================================================================================
[2025-06-09T08:40:02.909+0000] {manager.py:758} INFO - Searching for files in /opt/airflow/dags
[2025-06-09T08:40:02.921+0000] {manager.py:761} INFO - There are 1 files in /opt/airflow/dags
[2025-06-09T08:40:09.036+0000] {manager.py:889} INFO - 
================================================================================
DAG File Processing Stats

File Path                                 PID  Runtime      # DAGs    # Errors  Last Runtime    Last Run
--------------------------------------  -----  ---------  --------  ----------  --------------  -------------------
/opt/airflow/dags/online_retail_etl.py     55  0.02s             0           1  0.11s           2025-06-09T08:39:38
================================================================================
[2025-06-09T08:40:39.350+0000] {manager.py:889} INFO - 
================================================================================
DAG File Processing Stats

File Path                               PID    Runtime      # DAGs    # Errors  Last Runtime    Last Run
--------------------------------------  -----  ---------  --------  ----------  --------------  -------------------
/opt/airflow/dags/online_retail_etl.py                           1           0  0.30s           2025-06-09T08:40:30
================================================================================
[2025-06-09T08:41:09.915+0000] {manager.py:889} INFO - 
================================================================================
DAG File Processing Stats

File Path                               PID    Runtime      # DAGs    # Errors  Last Runtime    Last Run
--------------------------------------  -----  ---------  --------  ----------  --------------  -------------------
/opt/airflow/dags/online_retail_etl.py                           1           0  0.14s           2025-06-09T08:41:00
================================================================================
[2025-06-09T08:41:40.308+0000] {manager.py:889} INFO - 
================================================================================
DAG File Processing Stats

File Path                               PID    Runtime      # DAGs    # Errors  Last Runtime    Last Run
--------------------------------------  -----  ---------  --------  ----------  --------------  -------------------
/opt/airflow/dags/online_retail_etl.py                           1           0  0.17s           2025-06-09T08:41:31
================================================================================
[2025-06-09T08:42:10.653+0000] {manager.py:889} INFO - 
================================================================================
DAG File Processing Stats

File Path                               PID    Runtime      # DAGs    # Errors  Last Runtime    Last Run
--------------------------------------  -----  ---------  --------  ----------  --------------  -------------------
/opt/airflow/dags/online_retail_etl.py                           1           0  0.13s           2025-06-09T08:42:01
================================================================================
[2025-06-09T08:42:40.971+0000] {manager.py:889} INFO - 
================================================================================
DAG File Processing Stats

File Path                               PID    Runtime      # DAGs    # Errors  Last Runtime    Last Run
--------------------------------------  -----  ---------  --------  ----------  --------------  -------------------
/opt/airflow/dags/online_retail_etl.py                           1           0  0.16s           2025-06-09T08:42:32
================================================================================
[2025-06-09T08:43:11.334+0000] {manager.py:889} INFO - 
================================================================================
DAG File Processing Stats

File Path                               PID    Runtime      # DAGs    # Errors  Last Runtime    Last Run
--------------------------------------  -----  ---------  --------  ----------  --------------  -------------------
/opt/airflow/dags/online_retail_etl.py                           1           0  0.14s           2025-06-09T08:43:02
================================================================================
[2025-06-09T08:43:41.769+0000] {manager.py:889} INFO - 
================================================================================
DAG File Processing Stats

File Path                               PID    Runtime      # DAGs    # Errors  Last Runtime    Last Run
--------------------------------------  -----  ---------  --------  ----------  --------------  -------------------
/opt/airflow/dags/online_retail_etl.py                           1           0  0.15s           2025-06-09T08:43:32
================================================================================
[2025-06-09T08:44:12.117+0000] {manager.py:889} INFO - 
================================================================================
DAG File Processing Stats

File Path                               PID    Runtime      # DAGs    # Errors  Last Runtime    Last Run
--------------------------------------  -----  ---------  --------  ----------  --------------  -------------------
/opt/airflow/dags/online_retail_etl.py                           1           0  0.14s           2025-06-09T08:44:03
================================================================================
[2025-06-09T08:44:42.487+0000] {manager.py:889} INFO - 
================================================================================
DAG File Processing Stats

File Path                               PID    Runtime      # DAGs    # Errors  Last Runtime    Last Run
--------------------------------------  -----  ---------  --------  ----------  --------------  -------------------
/opt/airflow/dags/online_retail_etl.py                           1           0  0.16s           2025-06-09T08:44:33
================================================================================
[2025-06-09T08:45:03.689+0000] {manager.py:758} INFO - Searching for files in /opt/airflow/dags
[2025-06-09T08:45:03.702+0000] {manager.py:761} INFO - There are 1 files in /opt/airflow/dags
[2025-06-09T08:45:12.857+0000] {manager.py:889} INFO - 
================================================================================
DAG File Processing Stats

File Path                               PID    Runtime      # DAGs    # Errors  Last Runtime    Last Run
--------------------------------------  -----  ---------  --------  ----------  --------------  -------------------
/opt/airflow/dags/online_retail_etl.py                           1           0  0.12s           2025-06-09T08:45:03
================================================================================
[2025-06-09T08:45:43.185+0000] {manager.py:889} INFO - 
================================================================================
DAG File Processing Stats

File Path                               PID    Runtime      # DAGs    # Errors  Last Runtime    Last Run
--------------------------------------  -----  ---------  --------  ----------  --------------  -------------------
/opt/airflow/dags/online_retail_etl.py                           1           0  0.14s           2025-06-09T08:45:34
================================================================================
[2025-06-09T08:46:13.566+0000] {manager.py:889} INFO - 
================================================================================
DAG File Processing Stats

File Path                               PID    Runtime      # DAGs    # Errors  Last Runtime    Last Run
--------------------------------------  -----  ---------  --------  ----------  --------------  -------------------
/opt/airflow/dags/online_retail_etl.py                           1           0  0.13s           2025-06-09T08:46:04
================================================================================
[2025-06-09T08:46:43.930+0000] {manager.py:889} INFO - 
================================================================================
DAG File Processing Stats

File Path                               PID    Runtime      # DAGs    # Errors  Last Runtime    Last Run
--------------------------------------  -----  ---------  --------  ----------  --------------  -------------------
/opt/airflow/dags/online_retail_etl.py                           1           0  0.14s           2025-06-09T08:46:34
================================================================================
[2025-06-09T08:47:14.242+0000] {manager.py:889} INFO - 
================================================================================
DAG File Processing Stats

File Path                               PID    Runtime      # DAGs    # Errors  Last Runtime    Last Run
--------------------------------------  -----  ---------  --------  ----------  --------------  -------------------
/opt/airflow/dags/online_retail_etl.py                           1           0  0.12s           2025-06-09T08:47:05
================================================================================
[2025-06-09T08:47:44.575+0000] {manager.py:889} INFO - 
================================================================================
DAG File Processing Stats

File Path                               PID    Runtime      # DAGs    # Errors  Last Runtime    Last Run
--------------------------------------  -----  ---------  --------  ----------  --------------  -------------------
/opt/airflow/dags/online_retail_etl.py                           1           0  0.09s           2025-06-09T08:47:35
================================================================================
[2025-06-09T08:48:14.894+0000] {manager.py:889} INFO - 
================================================================================
DAG File Processing Stats

File Path                               PID    Runtime      # DAGs    # Errors  Last Runtime    Last Run
--------------------------------------  -----  ---------  --------  ----------  --------------  -------------------
/opt/airflow/dags/online_retail_etl.py                           1           0  0.12s           2025-06-09T08:48:05
================================================================================
[2025-06-09T08:48:45.216+0000] {manager.py:889} INFO - 
================================================================================
DAG File Processing Stats

File Path                               PID    Runtime      # DAGs    # Errors  Last Runtime    Last Run
--------------------------------------  -----  ---------  --------  ----------  --------------  -------------------
/opt/airflow/dags/online_retail_etl.py                           1           0  0.10s           2025-06-09T08:48:36
================================================================================
[2025-06-09T08:49:15.520+0000] {manager.py:889} INFO - 
================================================================================
DAG File Processing Stats

File Path                               PID    Runtime      # DAGs    # Errors  Last Runtime    Last Run
--------------------------------------  -----  ---------  --------  ----------  --------------  -------------------
/opt/airflow/dags/online_retail_etl.py                           1           0  0.15s           2025-06-09T08:49:06
================================================================================
[2025-06-09T08:49:45.800+0000] {manager.py:889} INFO - 
================================================================================
DAG File Processing Stats

File Path                               PID    Runtime      # DAGs    # Errors  Last Runtime    Last Run
--------------------------------------  -----  ---------  --------  ----------  --------------  -------------------
/opt/airflow/dags/online_retail_etl.py                           1           0  0.12s           2025-06-09T08:49:36
================================================================================
[2025-06-09T08:50:03.957+0000] {manager.py:758} INFO - Searching for files in /opt/airflow/dags
[2025-06-09T08:50:03.968+0000] {manager.py:761} INFO - There are 1 files in /opt/airflow/dags
[2025-06-09T08:50:16.148+0000] {manager.py:889} INFO - 
================================================================================
DAG File Processing Stats

File Path                               PID    Runtime      # DAGs    # Errors  Last Runtime    Last Run
--------------------------------------  -----  ---------  --------  ----------  --------------  -------------------
/opt/airflow/dags/online_retail_etl.py                           1           0  0.11s           2025-06-09T08:50:07
================================================================================
[2025-06-09T08:50:46.475+0000] {manager.py:889} INFO - 
================================================================================
DAG File Processing Stats

File Path                               PID    Runtime      # DAGs    # Errors  Last Runtime    Last Run
--------------------------------------  -----  ---------  --------  ----------  --------------  -------------------
/opt/airflow/dags/online_retail_etl.py                           1           0  0.07s           2025-06-09T08:50:37
================================================================================
[2025-06-09T08:51:16.799+0000] {manager.py:889} INFO - 
================================================================================
DAG File Processing Stats

File Path                               PID    Runtime      # DAGs    # Errors  Last Runtime    Last Run
--------------------------------------  -----  ---------  --------  ----------  --------------  -------------------
/opt/airflow/dags/online_retail_etl.py                           1           0  0.12s           2025-06-09T08:51:07
================================================================================
[2025-06-09T08:51:47.164+0000] {manager.py:889} INFO - 
================================================================================
DAG File Processing Stats

File Path                               PID    Runtime      # DAGs    # Errors  Last Runtime    Last Run
--------------------------------------  -----  ---------  --------  ----------  --------------  -------------------
/opt/airflow/dags/online_retail_etl.py                           1           0  0.15s           2025-06-09T08:51:38
================================================================================
[2025-06-09T08:52:17.575+0000] {manager.py:889} INFO - 
================================================================================
DAG File Processing Stats

File Path                               PID    Runtime      # DAGs    # Errors  Last Runtime    Last Run
--------------------------------------  -----  ---------  --------  ----------  --------------  -------------------
/opt/airflow/dags/online_retail_etl.py                           1           0  0.14s           2025-06-09T08:52:08
================================================================================
